#
# A fatal error has been detected by the Java Runtime Environment:
#
#  EXCEPTION_ACCESS_VIOLATION (0xc0000005) at pc=0x00007ff82d72faa5, pid=13680, tid=1012
#
# JRE version: OpenJDK Runtime Environment (15.0.2+7) (build 15.0.2+7-27)
# Java VM: OpenJDK 64-Bit Server VM (15.0.2+7-27, mixed mode, tiered, compressed oops, g1 gc, windows-amd64)
# Problematic frame:
# V  [jvm.dll+0x2ffaa5]
#
# No core dump will be written. Minidumps are not enabled by default on client versions of Windows
#
# If you would like to submit a bug report, please visit:
#   https://bugreport.java.com/bugreport/crash.jsp
#

---------------  S U M M A R Y ------------

Command Line: -XX:+ShowCodeDetailsInExceptionMessages -agentlib:jdwp=transport=dt_socket,suspend=y,address=localhost:60563 -Dcom.sun.management.jmxremote -Dcom.sun.management.jmxremote.port=60562 -Dcom.sun.management.jmxremote.authenticate=false -Dcom.sun.management.jmxremote.ssl=false -Djava.rmi.server.hostname=localhost -Dspring.jmx.enabled=true -Dspring.application.admin.enabled=true -XX:TieredStopAtLevel=1 -Dspring.boot.project.name=mofed-reportracking-spring-boot-master -javaagent:C:\Users\Wessi\Documents\Advanced JAVA Training\eclipse-jee-2021-03-R-win32-x86_64\eclipse\configuration\org.eclipse.osgi\412\0\.cp\lib\javaagent-shaded.jar -Dfile.encoding=UTF-8 net.mofed.reportracking.app.TodoManagementSpringBoot2Application

Host: Intel(R) Core(TM) i7-7700HQ CPU @ 2.80GHz, 8 cores, 15G,  Windows 10 , 64 bit Build 19041 (10.0.19041.1566)
Time: Fri Mar  4 20:44:40 2022 E. Africa Standard Time elapsed time: 2908.325329 seconds (0d 0h 48m 28s)

---------------  T H R E A D  ---------------

Current thread (0x000001f97f1e6640):  GCTaskThread "GC Thread#4" [stack: 0x0000007d77c00000,0x0000007d77d00000] [id=1012]

Stack: [0x0000007d77c00000,0x0000007d77d00000],  sp=0x0000007d77cfdcd0,  free space=1015k
Native frames: (J=compiled Java code, j=interpreted, Vv=VM code, C=native code)
V  [jvm.dll+0x2ffaa5]
V  [jvm.dll+0x302031]
V  [jvm.dll+0x3026ce]
V  [jvm.dll+0x2ffd7f]
V  [jvm.dll+0x2ff02a]
V  [jvm.dll+0x619ec0]
V  [jvm.dll+0x61a724]
V  [jvm.dll+0x5df267]
V  [jvm.dll+0x29421b]
V  [jvm.dll+0x293ae0]
V  [jvm.dll+0x742717]
V  [jvm.dll+0x742b6e]
V  [jvm.dll+0x2e1ecc]
V  [jvm.dll+0x2e1d38]
V  [jvm.dll+0x2aab44]
V  [jvm.dll+0x2acadd]
V  [jvm.dll+0x7adfc0]
V  [jvm.dll+0x73d75a]
V  [jvm.dll+0x629c56]
C  [ucrtbase.dll+0x21bb2]
C  [KERNEL32.DLL+0x17034]
C  [ntdll.dll+0x52651]

JavaThread 0x000001f90f1f9380 (nid = 12472) was being processed
Java frames: (J=compiled Java code, j=interpreted, Vv=VM code)
j  net.mofed.reportracking.app.service.FileStorageService.<init>(Ljava/lang/String;)V+37
v  ~StubRoutines::call_stub
J 1832  jdk.internal.reflect.NativeConstructorAccessorImpl.newInstance0(Ljava/lang/reflect/Constructor;[Ljava/lang/Object;)Ljava/lang/Object; java.base@15.0.2 (0 bytes) @ 0x000001f900a2892e [0x000001f900a288c0+0x000000000000006e]
J 1425 c1 jdk.internal.reflect.NativeConstructorAccessorImpl.newInstance([Ljava/lang/Object;)Ljava/lang/Object; java.base@15.0.2 (102 bytes) @ 0x000001f900972764 [0x000001f900972420+0x0000000000000344]
J 1567 c1 jdk.internal.reflect.DelegatingConstructorAccessorImpl.newInstance([Ljava/lang/Object;)Ljava/lang/Object; java.base@15.0.2 (9 bytes) @ 0x000001f9009b28fc [0x000001f9009b28a0+0x000000000000005c]
J 1478 c1 java.lang.reflect.Constructor.newInstanceWithCaller([Ljava/lang/Object;ZLjava/lang/Class;)Ljava/lang/Object; java.base@15.0.2 (75 bytes) @ 0x000001f90098063c [0x000001f900980560+0x00000000000000dc]
J 3003 c1 org.springframework.beans.BeanUtils.instantiateClass(Ljava/lang/reflect/Constructor;[Ljava/lang/Object;)Ljava/lang/Object; (89 bytes) @ 0x000001f900c78204 [0x000001f900c78160+0x00000000000000a4]
j  org.springframework.beans.factory.support.SimpleInstantiationStrategy.instantiate(Lorg/springframework/beans/factory/support/RootBeanDefinition;Ljava/lang/String;Lorg/springframework/beans/factory/BeanFactory;Ljava/lang/reflect/Constructor;[Ljava/lang/Object;)Ljava/lang/Object;+33
j  org.springframework.beans.factory.support.ConstructorResolver.autowireConstructor(Ljava/lang/String;Lorg/springframework/beans/factory/support/RootBeanDefinition;[Ljava/lang/reflect/Constructor;[Ljava/lang/Object;)Lorg/springframework/beans/BeanWrapper;+865
j  org.springframework.beans.factory.support.AbstractAutowireCapableBeanFactory.autowireConstructor(Ljava/lang/String;Lorg/springframework/beans/factory/support/RootBeanDefinition;[Ljava/lang/reflect/Constructor;[Ljava/lang/Object;)Lorg/springframework/beans/BeanWrapper;+13
j  org.springframework.beans.factory.support.AbstractAutowireCapableBeanFactory.createBeanInstance(Ljava/lang/String;Lorg/springframework/beans/factory/support/RootBeanDefinition;[Ljava/lang/Object;)Lorg/springframework/beans/BeanWrapper;+221
j  org.springframework.beans.factory.support.AbstractAutowireCapableBeanFactory.doCreateBean(Ljava/lang/String;Lorg/springframework/beans/factory/support/RootBeanDefinition;[Ljava/lang/Object;)Ljava/lang/Object;+34
j  org.springframework.beans.factory.support.AbstractAutowireCapableBeanFactory.createBean(Ljava/lang/String;Lorg/springframework/beans/factory/support/RootBeanDefinition;[Ljava/lang/Object;)Ljava/lang/Object;+169
j  org.springframework.beans.factory.support.AbstractBeanFactory.lambda$doGetBean$0(Ljava/lang/String;Lorg/springframework/beans/factory/support/RootBeanDefinition;[Ljava/lang/Object;)Ljava/lang/Object;+4
j  org.springframework.beans.factory.support.AbstractBeanFactory$$Lambda$249+0x00000008002f7198.getObject()Ljava/lang/Object;+16
j  org.springframework.beans.factory.support.DefaultSingletonBeanRegistry.getSingleton(Ljava/lang/String;Lorg/springframework/beans/factory/ObjectFactory;)Ljava/lang/Object;+132
J 5819 c1 org.springframework.beans.factory.support.AbstractBeanFactory.doGetBean(Ljava/lang/String;Ljava/lang/Class;[Ljava/lang/Object;Z)Ljava/lang/Object; (819 bytes) @ 0x000001f90115dcf4 [0x000001f90115d700+0x00000000000005f4]
j  org.springframework.beans.factory.support.AbstractBeanFactory.getBean(Ljava/lang/String;)Ljava/lang/Object;+5
j  org.springframework.beans.factory.config.DependencyDescriptor.resolveCandidate(Ljava/lang/String;Ljava/lang/Class;Lorg/springframework/beans/factory/BeanFactory;)Ljava/lang/Object;+2
j  org.springframework.beans.factory.support.DefaultListableBeanFactory.doResolveDependency(Lorg/springframework/beans/factory/config/DependencyDescriptor;Ljava/lang/String;Ljava/util/Set;Lorg/springframework/beans/TypeConverter;)Ljava/lang/Object;+410
j  org.springframework.beans.factory.support.DefaultListableBeanFactory.resolveDependency(Lorg/springframework/beans/factory/config/DependencyDescriptor;Ljava/lang/String;Ljava/util/Set;Lorg/springframework/beans/TypeConverter;)Ljava/lang/Object;+106
j  org.springframework.beans.factory.annotation.AutowiredAnnotationBeanPostProcessor$AutowiredFieldElement.inject(Ljava/lang/Object;Ljava/lang/String;Lorg/springframework/beans/PropertyValues;)V+115
J 5875 c1 org.springframework.beans.factory.annotation.InjectionMetadata.inject(Ljava/lang/Object;Ljava/lang/String;Lorg/springframework/beans/PropertyValues;)V (127 bytes) @ 0x000001f90117a09c [0x000001f901179c20+0x000000000000047c]
j  org.springframework.beans.factory.annotation.AutowiredAnnotationBeanPostProcessor.postProcessPropertyValues(Lorg/springframework/beans/PropertyValues;[Ljava/beans/PropertyDescriptor;Ljava/lang/Object;Ljava/lang/String;)Lorg/springframework/beans/PropertyValues;+19
J 5883 c1 org.springframework.beans.factory.support.AbstractAutowireCapableBeanFactory.populateBean(Ljava/lang/String;Lorg/springframework/beans/factory/support/RootBeanDefinition;Lorg/springframework/beans/BeanWrapper;)V (370 bytes) @ 0x000001f90117ee9c [0x000001f90117e380+0x0000000000000b1c]
j  org.springframework.beans.factory.support.AbstractAutowireCapableBeanFactory.doCreateBean(Ljava/lang/String;Lorg/springframework/beans/factory/support/RootBeanDefinition;[Ljava/lang/Object;)Ljava/lang/Object;+237
j  org.springframework.beans.factory.support.AbstractAutowireCapableBeanFactory.createBean(Ljava/lang/String;Lorg/springframework/beans/factory/support/RootBeanDefinition;[Ljava/lang/Object;)Ljava/lang/Object;+169
j  org.springframework.beans.factory.support.AbstractBeanFactory.lambda$doGetBean$0(Ljava/lang/String;Lorg/springframework/beans/factory/support/RootBeanDefinition;[Ljava/lang/Object;)Ljava/lang/Object;+4
j  org.springframework.beans.factory.support.AbstractBeanFactory$$Lambda$249+0x00000008002f7198.getObject()Ljava/lang/Object;+16
j  org.springframework.beans.factory.support.DefaultSingletonBeanRegistry.getSingleton(Ljava/lang/String;Lorg/springframework/beans/factory/ObjectFactory;)Ljava/lang/Object;+132
J 5819 c1 org.springframework.beans.factory.support.AbstractBeanFactory.doGetBean(Ljava/lang/String;Ljava/lang/Class;[Ljava/lang/Object;Z)Ljava/lang/Object; (819 bytes) @ 0x000001f90115dcf4 [0x000001f90115d700+0x00000000000005f4]
j  org.springframework.beans.factory.support.AbstractBeanFactory.getBean(Ljava/lang/String;)Ljava/lang/Object;+5
j  org.springframework.beans.factory.support.DefaultListableBeanFactory.preInstantiateSingletons()V+248
j  org.springframework.context.support.AbstractApplicationContext.finishBeanFactoryInitialization(Lorg/springframework/beans/factory/config/ConfigurableListableBeanFactory;)V+124
j  org.springframework.context.support.AbstractApplicationContext.refresh()V+54
j  org.springframework.boot.web.servlet.context.ServletWebServerApplicationContext.refresh()V+1
j  org.springframework.boot.SpringApplication.refresh(Lorg/springframework/context/ApplicationContext;)V+10
j  org.springframework.boot.SpringApplication.refreshContext(Lorg/springframework/context/ConfigurableApplicationContext;)V+2
j  org.springframework.boot.SpringApplication.run([Ljava/lang/String;)Lorg/springframework/context/ConfigurableApplicationContext;+118
j  org.springframework.boot.SpringApplication.run([Ljava/lang/Class;[Ljava/lang/String;)Lorg/springframework/context/ConfigurableApplicationContext;+9
j  org.springframework.boot.SpringApplication.run(Ljava/lang/Class;[Ljava/lang/String;)Lorg/springframework/context/ConfigurableApplicationContext;+9
j  net.mofed.reportracking.app.TodoManagementSpringBoot2Application.main([Ljava/lang/String;)V+3
v  ~StubRoutines::call_stub
j  jdk.internal.reflect.NativeMethodAccessorImpl.invoke0(Ljava/lang/reflect/Method;Ljava/lang/Object;[Ljava/lang/Object;)Ljava/lang/Object;+0 java.base@15.0.2
j  jdk.internal.reflect.NativeMethodAccessorImpl.invoke(Ljava/lang/Object;[Ljava/lang/Object;)Ljava/lang/Object;+113 java.base@15.0.2
j  jdk.internal.reflect.DelegatingMethodAccessorImpl.invoke(Ljava/lang/Object;[Ljava/lang/Object;)Ljava/lang/Object;+6 java.base@15.0.2
j  java.lang.reflect.Method.invoke(Ljava/lang/Object;[Ljava/lang/Object;)Ljava/lang/Object;+59 java.base@15.0.2
j  org.springframework.boot.devtools.restart.RestartLauncher.run()V+41
v  ~StubRoutines::call_stub

siginfo: EXCEPTION_ACCESS_VIOLATION (0xc0000005), reading address 0x0000000000000006


Register to memory mapping:

RIP=0x00007ff82d72faa5 jvm.dll
RAX=0x0 is NULL
RBX=0x0000007d77cfdf70 points into unknown readable memory: 0x00007ff82dcfcc50 | 50 cc cf 2d f8 7f 00 00
RCX=0x0 is NULL
RDX=0x0 is NULL
RSP=0x0000007d77cfdcd0 points into unknown readable memory: 0x0000007d77cfdd40 | 40 dd cf 77 7d 00 00 00
RBP=0x0 is NULL
RSI=0x0 is NULL
RDI=0x000001f910bad168 is pointing into metadata
R8 =0x0 is NULL
R9 =0x000001f910bad168 is pointing into metadata
R10=0x0000007d77cfdf70 points into unknown readable memory: 0x00007ff82dcfcc50 | 50 cc cf 2d f8 7f 00 00
R11={method} {0x000001f910badb88} '<init>' '(Ljava/lang/String;)V' in 'net/mofed/reportracking/app/service/FileStorageService'
R12=0x00007ff82d430000 jvm.dll
R13=0x000001f97e728048 points into unknown readable memory: 0x00000022012cb600 | 00 b6 2c 01 22 00 00 00
R14=0x000001f910badb23 is pointing into metadata
R15=0x0000000000000072 is an unknown value


Registers:
RAX=0x0000000000000000, RBX=0x0000007d77cfdf70, RCX=0x0000000000000000, RDX=0x0000000000000000
RSP=0x0000007d77cfdcd0, RBP=0x0000000000000000, RSI=0x0000000000000000, RDI=0x000001f910bad168
R8 =0x0000000000000000, R9 =0x000001f910bad168, R10=0x0000007d77cfdf70, R11=0x000001f910badb80
R12=0x00007ff82d430000, R13=0x000001f97e728048, R14=0x000001f910badb23, R15=0x0000000000000072
RIP=0x00007ff82d72faa5, EFLAGS=0x0000000000010206

Top of Stack: (sp=0x0000007d77cfdcd0)
0x0000007d77cfdcd0:   0000007d77cfdd40 00007ff82d539d9e
0x0000007d77cfdce0:   0000007d77cfdd40 00007ff82d5320be
0x0000007d77cfdcf0:   0000000000000000 00000000000000b5
0x0000007d77cfdd00:   0000007d77cfdf70 00007ff82d730793
0x0000007d77cfdd10:   00001f4b5e799ba5 0000007d77cfdf70
0x0000007d77cfdd20:   000001f910badb23 00000000000000b5
0x0000007d77cfdd30:   0000007d77cfdf70 00007ff82d732031
0x0000007d77cfdd40:   000001f910badb80 0000007d77cfdde0
0x0000007d77cfdd50:   0000007d77cfde10 000001f910badaf9
0x0000007d77cfdd60:   0000007d00000053 0000000000000003
0x0000007d77cfdd70:   000001f910badb80 000001f97f1e6640
0x0000007d77cfdd80:   000001f910badb0a 00007ff82d539d9e
0x0000007d77cfdd90:   000001f910badb80 0000007d77cfdf70
0x0000007d77cfdda0:   0000000000000072 00000000000000b5
0x0000007d77cfddb0:   0000007d77cfdf70 00007ff82d7326ce
0x0000007d77cfddc0:   0000007d77cfde10 00000000000000b5 

Instructions: (pc=0x00007ff82d72faa5)
0x00007ff82d72f9a5:   42 8b 1c 81 4e 8d 34 81 8b 75 58 41 81 e0 ff ff
0x00007ff82d72f9b5:   ff 00 41 81 c8 00 00 00 47 48 8b cd 45 89 06 c7
0x00007ff82d72f9c5:   45 58 01 00 00 00 e8 80 38 00 00 66 83 7c 24 68
0x00007ff82d72f9d5:   00 41 89 1e 89 75 58 74 40 8b 4c 24 70 49 ff c7
0x00007ff82d72f9e5:   0f b7 c1 48 83 c7 08 4c 3b f8 0f 8c 4b ff ff ff
0x00007ff82d72f9f5:   83 7d 5c 00 74 23 48 83 3d 8d 34 78 00 00 74 15
0x00007ff82d72fa05:   80 7d 42 00 74 0f 48 8d 15 86 f5 58 00 48 8b cd
0x00007ff82d72fa15:   e8 a6 42 00 00 c6 45 42 00 4c 8b 74 24 28 4c 8b
0x00007ff82d72fa25:   6c 24 30 4c 8b 64 24 38 48 8b 7c 24 40 48 8b 74
0x00007ff82d72fa35:   24 48 48 8b 5c 24 60 4c 8b 7c 24 20 48 83 c4 50
0x00007ff82d72fa45:   5d c3 cc cc cc cc cc cc cc cc cc 48 89 5c 24 10
0x00007ff82d72fa55:   48 89 6c 24 18 56 57 41 56 48 83 ec 50 48 8b 05
0x00007ff82d72fa65:   af 03 73 00 48 33 c4 48 89 44 24 40 48 8b 41 08
0x00007ff82d72fa75:   48 8b d9 41 8b e8 8b f2 45 33 c0 41 8b d1 48 8b
0x00007ff82d72fa85:   48 08 48 8b 79 08 48 8b cf e8 6d ee f0 ff 8b d0
0x00007ff82d72fa95:   48 8b cf e8 23 19 f1 ff 48 63 c8 48 8b 44 cf 48
0x00007ff82d72faa5:   0f be 48 06 e8 22 7c 3a 00 8b 0d d0 32 78 00 48
0x00007ff82d72fab5:   8d 3d cd 32 78 00 8d 50 f4 83 fa 01 76 27 8d 50
0x00007ff82d72fac5:   f9 f7 c2 fb ff ff ff 74 13 83 f8 0e 48 8d 15 c0
0x00007ff82d72fad5:   32 78 00 4c 8b d7 4c 0f 45 d2 eb 27 4c 8d 15 e0
0x00007ff82d72fae5:   32 78 00 eb 1e 8b 84 24 90 00 00 00 4c 8d 54 24
0x00007ff82d72faf5:   30 25 ff ff ff 00 89 4c 24 34 0d 00 00 00 46 89
0x00007ff82d72fb05:   44 24 30 45 33 c0 85 f6 74 05 49 8b fa eb 29 41
0x00007ff82d72fb15:   8b 02 85 c0 74 22 49 8b d0 4d 8b c8 42 89 44 0c
0x00007ff82d72fb25:   20 48 8d 52 01 4c 8d 0c 95 00 00 00 00 41 ff c0
0x00007ff82d72fb35:   43 8b 04 11 85 c0 75 e4 85 ed 75 10 8b 05 8d ce
0x00007ff82d72fb45:   6f 00 49 63 d0 41 ff c0 89 44 94 20 49 63 c0 4c
0x00007ff82d72fb55:   8d 74 24 20 89 4c 84 20 8b 74 24 20 85 f6 74 4c
0x00007ff82d72fb65:   48 63 53 58 85 d2 7f 18 48 8d 15 ac 0a 55 00 48
0x00007ff82d72fb75:   8b cb e8 14 48 00 00 44 8b 05 0d 32 78 00 eb 16
0x00007ff82d72fb85:   48 63 4b 20 8d 42 ff 89 43 58 48 03 ca 48 8b 43
0x00007ff82d72fb95:   48 44 8b 44 88 fc 8b d6 48 8b cb e8 5b f0 ff ff 


Stack slot to memory mapping:
stack at sp + 0 slots: 0x0000007d77cfdd40 points into unknown readable memory: 0x000001f910badb80 | 80 db ba 10 f9 01 00 00
stack at sp + 1 slots: 0x00007ff82d539d9e jvm.dll
stack at sp + 2 slots: 0x0000007d77cfdd40 points into unknown readable memory: 0x000001f910badb80 | 80 db ba 10 f9 01 00 00
stack at sp + 3 slots: 0x00007ff82d5320be jvm.dll
stack at sp + 4 slots: 0x0 is NULL
stack at sp + 5 slots: 0x00000000000000b5 is an unknown value
stack at sp + 6 slots: 0x0000007d77cfdf70 points into unknown readable memory: 0x00007ff82dcfcc50 | 50 cc cf 2d f8 7f 00 00
stack at sp + 7 slots: 0x00007ff82d730793 jvm.dll


---------------  P R O C E S S  ---------------

Threads class SMR info:
_java_thread_list=0x000001f910ff8ac0, length=25, elements={
0x000001f96de38250, 0x000001f97e506140, 0x000001f97e5093d0, 0x000001f97e527290,
0x000001f97e527b50, 0x000001f97e528cb0, 0x000001f97e52d9f0, 0x000001f97e53a490,
0x000001f96defafe0, 0x000001f97e7103e0, 0x000001f97e72e350, 0x000001f97e730850,
0x000001f97f01f4d0, 0x000001f97f1ecd90, 0x000001f97f1ed260, 0x000001f97f1f3c70,
0x000001f90f134050, 0x000001f90f1551a0, 0x000001f90f16a750, 0x000001f90f1fba00,
0x000001f90f1f9380, 0x000001f90f1fa6c0, 0x000001f90f1fb060, 0x000001f90f1f8510,
0x000001f91177b560
}

Java Threads: ( => current thread )
  0x000001f96de38250 JavaThread "main" [_thread_blocked, id=12444, stack(0x0000007d76200000,0x0000007d76300000)]
  0x000001f97e506140 JavaThread "Reference Handler" daemon [_thread_blocked, id=11312, stack(0x0000007d76900000,0x0000007d76a00000)]
  0x000001f97e5093d0 JavaThread "Finalizer" daemon [_thread_blocked, id=20432, stack(0x0000007d76a00000,0x0000007d76b00000)]
  0x000001f97e527290 JavaThread "Signal Dispatcher" daemon [_thread_blocked, id=18116, stack(0x0000007d76b00000,0x0000007d76c00000)]
  0x000001f97e527b50 JavaThread "Attach Listener" daemon [_thread_blocked, id=14556, stack(0x0000007d76c00000,0x0000007d76d00000)]
  0x000001f97e528cb0 JavaThread "Service Thread" daemon [_thread_blocked, id=7872, stack(0x0000007d76d00000,0x0000007d76e00000)]
  0x000001f97e52d9f0 JavaThread "C1 CompilerThread0" daemon [_thread_blocked, id=9432, stack(0x0000007d76e00000,0x0000007d76f00000)]
  0x000001f97e53a490 JavaThread "Sweeper thread" daemon [_thread_blocked, id=13236, stack(0x0000007d76f00000,0x0000007d77000000)]
  0x000001f96defafe0 JavaThread "Common-Cleaner" daemon [_thread_blocked, id=1932, stack(0x0000007d77000000,0x0000007d77100000)]
  0x000001f97e7103e0 JavaThread "JDWP Transport Listener: dt_socket" daemon [_thread_blocked, id=15848, stack(0x0000007d77100000,0x0000007d77200000)]
  0x000001f97e72e350 JavaThread "JDWP Event Helper Thread" daemon [_thread_blocked, id=6836, stack(0x0000007d77200000,0x0000007d77300000)]
  0x000001f97e730850 JavaThread "JDWP Command Reader" daemon [_thread_in_native, id=12888, stack(0x0000007d77300000,0x0000007d77400000)]
  0x000001f97f01f4d0 JavaThread "Notification Thread" daemon [_thread_blocked, id=9016, stack(0x0000007d77400000,0x0000007d77500000)]
  0x000001f97f1ecd90 JavaThread "RMI TCP Accept-0" daemon [_thread_in_native, id=12908, stack(0x0000007d77500000,0x0000007d77600000)]
  0x000001f97f1ed260 JavaThread "RMI TCP Accept-60562" daemon [_thread_in_native, id=18764, stack(0x0000007d77600000,0x0000007d77700000)]
  0x000001f97f1f3c70 JavaThread "RMI TCP Accept-0" daemon [_thread_in_native, id=4408, stack(0x0000007d77700000,0x0000007d77800000)]
  0x000001f90f134050 JavaThread "RMI Scheduler(0)" daemon [_thread_blocked, id=18864, stack(0x0000007d78100000,0x0000007d78200000)]
  0x000001f90f1551a0 JavaThread "RMI TCP Connection(2)-127.0.0.1" daemon [_thread_blocked, id=15520, stack(0x0000007d78200000,0x0000007d78300000)]
  0x000001f90f16a750 JavaThread "JMX server connection timeout 24" daemon [_thread_blocked, id=18360, stack(0x0000007d78300000,0x0000007d78400000)]
  0x000001f90f1fba00 JavaThread "Thread-0" [_thread_blocked, id=2624, stack(0x0000007d78400000,0x0000007d78500000)]
  0x000001f90f1f9380 JavaThread "restartedMain" [_thread_blocked, id=12472, stack(0x0000007d78500000,0x0000007d78600000)]
  0x000001f90f1fa6c0 JavaThread "ContainerBackgroundProcessor[StandardEngine[Tomcat]]" daemon [_thread_blocked, id=5868, stack(0x0000007d78b00000,0x0000007d78c00000)]
  0x000001f90f1fb060 JavaThread "container-0" [_thread_blocked, id=1692, stack(0x0000007d78c00000,0x0000007d78d00000)]
  0x000001f90f1f8510 JavaThread "Abandoned connection cleanup thread" daemon [_thread_blocked, id=7652, stack(0x0000007d78d00000,0x0000007d78e00000)]
  0x000001f91177b560 JavaThread "HikariPool-1 housekeeper" daemon [_thread_blocked, id=17404, stack(0x0000007d79000000,0x0000007d79100000)]

Other Threads:
  0x000001f97e4ccde0 VMThread "VM Thread" [stack: 0x0000007d76800000,0x0000007d76900000] [id=12100]
  0x000001f96de38e20 WatcherThread [stack: 0x0000007d77800000,0x0000007d77900000] [id=11724]
  0x000001f96de887f0 GCTaskThread "GC Thread#0" [stack: 0x0000007d76300000,0x0000007d76400000] [id=16060]
  0x000001f97f1e7300 GCTaskThread "GC Thread#1" [stack: 0x0000007d77900000,0x0000007d77a00000] [id=10196]
  0x000001f97f1e7630 GCTaskThread "GC Thread#2" [stack: 0x0000007d77a00000,0x0000007d77b00000] [id=12752]
  0x000001f97f1e6ca0 GCTaskThread "GC Thread#3" [stack: 0x0000007d77b00000,0x0000007d77c00000] [id=6732]
=>0x000001f97f1e6640 GCTaskThread "GC Thread#4" [stack: 0x0000007d77c00000,0x0000007d77d00000] [id=1012]
  0x000001f97f1e7960 GCTaskThread "GC Thread#5" [stack: 0x0000007d77d00000,0x0000007d77e00000] [id=19224]
  0x000001f97f1e6310 GCTaskThread "GC Thread#6" [stack: 0x0000007d78700000,0x0000007d78800000] [id=13588]
  0x000001f97f1e6970 GCTaskThread "GC Thread#7" [stack: 0x0000007d78800000,0x0000007d78900000] [id=18520]
  0x000001f96de99710 ConcurrentGCThread "G1 Main Marker" [stack: 0x0000007d76400000,0x0000007d76500000] [id=11132]
  0x000001f96de9a290 ConcurrentGCThread "G1 Conc#0" [stack: 0x0000007d76500000,0x0000007d76600000] [id=10620]
  0x000001f90f3cd5d0 ConcurrentGCThread "G1 Conc#1" [stack: 0x0000007d78900000,0x0000007d78a00000] [id=3620]
  0x000001f96def0830 ConcurrentGCThread "G1 Refine#0" [stack: 0x0000007d76600000,0x0000007d76700000] [id=2844]
  0x000001f97f28e410 ConcurrentGCThread "G1 Refine#1" [stack: 0x0000007d77e00000,0x0000007d77f00000] [id=12692]
  0x000001f97f24bc70 ConcurrentGCThread "G1 Refine#2" [stack: 0x0000007d77f00000,0x0000007d78000000] [id=4176]
  0x000001f97db041f0 ConcurrentGCThread "G1 Young RemSet Sampling" [stack: 0x0000007d76700000,0x0000007d76800000] [id=9716]

Threads with active compile tasks:

VM state: at safepoint (normal execution)

VM Mutex/Monitor currently owned by a thread:  ([mutex/lock_event])
[0x000001f96de29100] Threads_lock - owner thread: 0x000001f97e4ccde0
[0x000001f96de31d20] Heap_lock - owner thread: 0x000001f90f1551a0

Heap address: 0x0000000702c00000, size: 4052 MB, Compressed Oops mode: Zero based, Oop shift amount: 3
CDS disabled.
Compressed class space mapped at: 0x0000000800000000-0x0000000840000000, size: 1073741824
Narrow klass base: 0x0000000800000000, Narrow klass shift: 0, Narrow klass range: 0x40000000

GC Precious Log:
 CPUs: 8 total, 8 available
 Memory: 16207M
 Large Page Support: Disabled
 NUMA Support: Disabled
 Compressed Oops: Enabled (Zero based)
 Heap Region Size: 2M
 Heap Min Capacity: 8M
 Heap Initial Capacity: 254M
 Heap Max Capacity: 4052M
 Pre-touch: Disabled
 Parallel Workers: 8
 Concurrent Workers: 2
 Concurrent Refinement Workers: 8
 Periodic GC: Disabled

Heap:
 garbage-first heap   total 122880K, used 99404K [0x0000000702c00000, 0x0000000800000000)
  region size 2048K, 35 young (71680K), 3 survivors (6144K)
 Metaspace       used 61394K, capacity 62050K, committed 62240K, reserved 1103872K
  class space    used 7708K, capacity 7939K, committed 8056K, reserved 1048576K

Heap Regions: E=young(eden), S=young(survivor), O=old, HS=humongous(starts), HC=humongous(continues), CS=collection set, F=free, OA=open archive, CA=closed archive, TAMS=top-at-mark-start (previous, next)
|   0|0x0000000702c00000, 0x0000000702e00000, 0x0000000702e00000|100%| O|  |TAMS 0x0000000702e00000, 0x0000000702c00000| Untracked 
|   1|0x0000000702e00000, 0x0000000703000000, 0x0000000703000000|100%| O|  |TAMS 0x0000000703000000, 0x0000000702e00000| Untracked 
|   2|0x0000000703000000, 0x00000007031e1400, 0x0000000703200000| 93%| O|  |TAMS 0x00000007031e1400, 0x0000000703000000| Untracked 
|   3|0x0000000703200000, 0x0000000703400000, 0x0000000703400000|100%| O|  |TAMS 0x0000000703400000, 0x0000000703200000| Untracked 
|   4|0x0000000703400000, 0x00000007034b5000, 0x0000000703600000| 35%| O|  |TAMS 0x00000007034b5000, 0x0000000703400000| Untracked 
|   5|0x0000000703600000, 0x0000000703800000, 0x0000000703800000|100%| O|  |TAMS 0x0000000703800000, 0x0000000703600000| Untracked 
|   6|0x0000000703800000, 0x0000000703a00000, 0x0000000703a00000|100%| O|  |TAMS 0x0000000703a00000, 0x0000000703800000| Untracked 
|   7|0x0000000703a00000, 0x0000000703c00000, 0x0000000703c00000|100%| O|  |TAMS 0x0000000703c00000, 0x0000000703a00000| Untracked 
|   8|0x0000000703c00000, 0x0000000703e00000, 0x0000000703e00000|100%| O|  |TAMS 0x0000000703e00000, 0x0000000703c00000| Untracked 
|   9|0x0000000703e00000, 0x0000000704000000, 0x0000000704000000|100%| O|  |TAMS 0x0000000704000000, 0x0000000703e00000| Untracked 
|  10|0x0000000704000000, 0x0000000704200000, 0x0000000704200000|100%| O|  |TAMS 0x0000000704200000, 0x0000000704000000| Untracked 
|  11|0x0000000704200000, 0x0000000704400000, 0x0000000704400000|100%| O|  |TAMS 0x0000000704400000, 0x0000000704200000| Untracked 
|  12|0x0000000704400000, 0x0000000704600000, 0x0000000704600000|100%| O|  |TAMS 0x0000000704600000, 0x0000000704400000| Untracked 
|  13|0x0000000704600000, 0x0000000704800000, 0x0000000704800000|100%| O|  |TAMS 0x0000000704800000, 0x0000000704600000| Untracked 
|  14|0x0000000704800000, 0x00000007049d1710, 0x0000000704a00000| 90%| O|  |TAMS 0x000000070487ce00, 0x0000000704800000| Untracked 
|  15|0x0000000704a00000, 0x0000000704a00000, 0x0000000704c00000|  0%| F|  |TAMS 0x0000000704a00000, 0x0000000704a00000| Untracked 
|  16|0x0000000704c00000, 0x0000000704c00000, 0x0000000704e00000|  0%| F|  |TAMS 0x0000000704c00000, 0x0000000704c00000| Untracked 
|  17|0x0000000704e00000, 0x0000000704e00000, 0x0000000705000000|  0%| F|  |TAMS 0x0000000704e00000, 0x0000000704e00000| Untracked 
|  18|0x0000000705000000, 0x0000000705000000, 0x0000000705200000|  0%| F|  |TAMS 0x0000000705000000, 0x0000000705000000| Untracked 
|  19|0x0000000705200000, 0x0000000705200000, 0x0000000705400000|  0%| F|  |TAMS 0x0000000705200000, 0x0000000705200000| Untracked 
|  20|0x0000000705400000, 0x0000000705400000, 0x0000000705600000|  0%| F|  |TAMS 0x0000000705400000, 0x0000000705400000| Untracked 
|  21|0x0000000705600000, 0x0000000705600000, 0x0000000705800000|  0%| F|  |TAMS 0x0000000705600000, 0x0000000705600000| Untracked 
|  22|0x0000000705800000, 0x0000000705a00000, 0x0000000705a00000|100%| E|CS|TAMS 0x0000000705800000, 0x0000000705800000| Complete 
|  23|0x0000000705a00000, 0x0000000705c00000, 0x0000000705c00000|100%| E|CS|TAMS 0x0000000705a00000, 0x0000000705a00000| Complete 
|  24|0x0000000705c00000, 0x0000000705e00000, 0x0000000705e00000|100%| E|CS|TAMS 0x0000000705c00000, 0x0000000705c00000| Complete 
|  25|0x0000000705e00000, 0x0000000705f8f840, 0x0000000706000000| 78%| S|  |TAMS 0x0000000705e00000, 0x0000000705e00000| Complete 
|  26|0x0000000706000000, 0x0000000706200000, 0x0000000706200000|100%| S|  |TAMS 0x0000000706000000, 0x0000000706000000| Complete 
|  27|0x0000000706200000, 0x0000000706400000, 0x0000000706400000|100%| S|  |TAMS 0x0000000706200000, 0x0000000706200000| Complete 
|  28|0x0000000706400000, 0x0000000706600000, 0x0000000706600000|100%| E|CS|TAMS 0x0000000706400000, 0x0000000706400000| Complete 
|  29|0x0000000706600000, 0x0000000706800000, 0x0000000706800000|100%| E|CS|TAMS 0x0000000706600000, 0x0000000706600000| Complete 
|  30|0x0000000706800000, 0x0000000706a00000, 0x0000000706a00000|100%| E|CS|TAMS 0x0000000706800000, 0x0000000706800000| Complete 
|  31|0x0000000706a00000, 0x0000000706c00000, 0x0000000706c00000|100%| E|CS|TAMS 0x0000000706a00000, 0x0000000706a00000| Complete 
|  32|0x0000000706c00000, 0x0000000706e00000, 0x0000000706e00000|100%| E|CS|TAMS 0x0000000706c00000, 0x0000000706c00000| Complete 
|  33|0x0000000706e00000, 0x0000000707000000, 0x0000000707000000|100%| E|CS|TAMS 0x0000000706e00000, 0x0000000706e00000| Complete 
|  34|0x0000000707000000, 0x0000000707200000, 0x0000000707200000|100%| E|CS|TAMS 0x0000000707000000, 0x0000000707000000| Complete 
|  35|0x0000000707200000, 0x0000000707400000, 0x0000000707400000|100%| E|CS|TAMS 0x0000000707200000, 0x0000000707200000| Complete 
|  36|0x0000000707400000, 0x0000000707600000, 0x0000000707600000|100%| E|CS|TAMS 0x0000000707400000, 0x0000000707400000| Complete 
|  37|0x0000000707600000, 0x0000000707800000, 0x0000000707800000|100%| E|CS|TAMS 0x0000000707600000, 0x0000000707600000| Complete 
|  38|0x0000000707800000, 0x0000000707a00000, 0x0000000707a00000|100%| E|CS|TAMS 0x0000000707800000, 0x0000000707800000| Complete 
|  39|0x0000000707a00000, 0x0000000707c00000, 0x0000000707c00000|100%| E|CS|TAMS 0x0000000707a00000, 0x0000000707a00000| Complete 
|  40|0x0000000707c00000, 0x0000000707e00000, 0x0000000707e00000|100%| E|CS|TAMS 0x0000000707c00000, 0x0000000707c00000| Complete 
|  41|0x0000000707e00000, 0x0000000708000000, 0x0000000708000000|100%| E|CS|TAMS 0x0000000707e00000, 0x0000000707e00000| Complete 
|  42|0x0000000708000000, 0x0000000708200000, 0x0000000708200000|100%| E|CS|TAMS 0x0000000708000000, 0x0000000708000000| Complete 
|  43|0x0000000708200000, 0x0000000708400000, 0x0000000708400000|100%| E|CS|TAMS 0x0000000708200000, 0x0000000708200000| Complete 
|  44|0x0000000708400000, 0x0000000708600000, 0x0000000708600000|100%| E|CS|TAMS 0x0000000708400000, 0x0000000708400000| Complete 
|  45|0x0000000708600000, 0x0000000708800000, 0x0000000708800000|100%| E|CS|TAMS 0x0000000708600000, 0x0000000708600000| Complete 
|  46|0x0000000708800000, 0x0000000708a00000, 0x0000000708a00000|100%| E|CS|TAMS 0x0000000708800000, 0x0000000708800000| Complete 
|  47|0x0000000708a00000, 0x0000000708c00000, 0x0000000708c00000|100%| E|CS|TAMS 0x0000000708a00000, 0x0000000708a00000| Complete 
|  48|0x0000000708c00000, 0x0000000708e00000, 0x0000000708e00000|100%| E|CS|TAMS 0x0000000708c00000, 0x0000000708c00000| Complete 
|  49|0x0000000708e00000, 0x0000000709000000, 0x0000000709000000|100%| E|CS|TAMS 0x0000000708e00000, 0x0000000708e00000| Complete 
|  50|0x0000000709000000, 0x0000000709200000, 0x0000000709200000|100%| E|CS|TAMS 0x0000000709000000, 0x0000000709000000| Complete 
|  51|0x0000000709200000, 0x0000000709400000, 0x0000000709400000|100%| E|CS|TAMS 0x0000000709200000, 0x0000000709200000| Complete 
|  52|0x0000000709400000, 0x0000000709600000, 0x0000000709600000|100%| E|CS|TAMS 0x0000000709400000, 0x0000000709400000| Complete 
|  53|0x0000000709600000, 0x0000000709800000, 0x0000000709800000|100%| E|CS|TAMS 0x0000000709600000, 0x0000000709600000| Complete 
|  54|0x0000000709800000, 0x0000000709a00000, 0x0000000709a00000|100%| E|CS|TAMS 0x0000000709800000, 0x0000000709800000| Complete 
|  66|0x000000070b000000, 0x000000070b200000, 0x000000070b200000|100%| E|CS|TAMS 0x000000070b000000, 0x000000070b000000| Complete 
|  67|0x000000070b200000, 0x000000070b400000, 0x000000070b400000|100%| E|CS|TAMS 0x000000070b200000, 0x000000070b200000| Complete 
|  68|0x000000070b400000, 0x000000070b600000, 0x000000070b600000|100%| E|CS|TAMS 0x000000070b400000, 0x000000070b400000| Complete 
|  69|0x000000070b600000, 0x000000070b800000, 0x000000070b800000|100%| E|CS|TAMS 0x000000070b600000, 0x000000070b600000| Complete 
| 126|0x0000000712800000, 0x0000000712a00000, 0x0000000712a00000|100%| E|CS|TAMS 0x0000000712800000, 0x0000000712800000| Complete 

Card table byte_map: [0x000001f972360000,0x000001f972b50000] _byte_map_base: 0x000001f96eb4a000

Marking Bits (Prev, Next): (CMBitMap*) 0x000001f96de88f70, (CMBitMap*) 0x000001f96de88fb0
 Prev Bits: [0x000001f973340000, 0x000001f977290000)
 Next Bits: [0x000001f977290000, 0x000001f97b1e0000)

Polling page: 0x000001f96bfa0000

Metaspace:

Usage:
  Non-class:     52.84 MB capacity,    52.43 MB (>99%) used,   338.80 KB ( <1%) free+waste,    86.25 KB ( <1%) overhead. 
      Class:      7.75 MB capacity,     7.53 MB ( 97%) used,   196.95 KB (  2%) free+waste,    33.38 KB ( <1%) overhead. 
       Both:     60.60 MB capacity,    59.96 MB ( 99%) used,   535.74 KB ( <1%) free+waste,   119.62 KB ( <1%) overhead. 

Virtual space:
  Non-class space:       54.00 MB reserved,      52.91 MB ( 98%) committed 
      Class space:        1.00 GB reserved,       7.87 MB ( <1%) committed 
             Both:        1.05 GB reserved,      60.78 MB (  6%) committed 

Chunk freelists:
   Non-Class:  9.00 KB
       Class:  29.00 KB
        Both:  38.00 KB

MaxMetaspaceSize: 17179869184.00 GB
CompressedClassSpaceSize: 1.00 GB

CodeHeap 'non-profiled nmethods': size=238336Kb used=12010Kb max_used=12010Kb free=226325Kb
 bounds [0x000001f900740000, 0x000001f901300000, 0x000001f90f000000]
CodeHeap 'non-nmethods': size=7424Kb used=1363Kb max_used=1363Kb free=6060Kb
 bounds [0x000001f900000000, 0x000001f900270000, 0x000001f900740000]
 total_blobs=7238 nmethods=6673 adapters=491
 compilation: enabled
              stopped_count=0, restarted_count=0
 full_count=0

Compilation events (20 events):
Event: 2435.059 Thread 0x000001f97e52d9f0 6664       1       java.util.concurrent.locks.AbstractQueuedSynchronizer$ConditionObject::canReacquire (28 bytes)
Event: 2435.060 Thread 0x000001f97e52d9f0 nmethod 6664 0x000001f9012f7c90 code [0x000001f9012f7e20, 0x000001f9012f7f78]
Event: 2525.092 Thread 0x000001f97e52d9f0 6665       1       com.zaxxer.hikari.util.ClockSource::plusMillis (11 bytes)
Event: 2525.092 Thread 0x000001f97e52d9f0 nmethod 6665 0x000001f9012f8090 code [0x000001f9012f8220, 0x000001f9012f8308]
Event: 2525.093 Thread 0x000001f97e52d9f0 6666       1       com.zaxxer.hikari.util.ClockSource$NanosecondClockSource::plusMillis0 (10 bytes)
Event: 2525.093 Thread 0x000001f97e52d9f0 nmethod 6666 0x000001f9012f8410 code [0x000001f9012f85a0, 0x000001f9012f86a8]
Event: 2554.646 Thread 0x000001f97e52d9f0 6667   !   1       org.apache.catalina.webresources.AbstractArchiveResourceSet::gc (55 bytes)
Event: 2554.646 Thread 0x000001f97e52d9f0 nmethod 6667 0x000001f9012f8790 code [0x000001f9012f8940, 0x000001f9012f8bc8]
Event: 2555.104 Thread 0x000001f97e52d9f0 6668       1       java.util.concurrent.locks.AbstractQueuedSynchronizer$ConditionObject::signal (34 bytes)
Event: 2555.104 Thread 0x000001f97e52d9f0 nmethod 6668 0x000001f9012f8d10 code [0x000001f9012f8ee0, 0x000001f9012f90c8]
Event: 2584.651 Thread 0x000001f97e52d9f0 6669       1       org.apache.catalina.webresources.Cache$EvictionOrder::compare (13 bytes)
Event: 2584.651 Thread 0x000001f97e52d9f0 nmethod 6669 0x000001f9012f9210 code [0x000001f9012f93a0, 0x000001f9012f9558]
Event: 2584.651 Thread 0x000001f97e52d9f0 6670       1       org.apache.catalina.webresources.Cache$EvictionOrder::compare (31 bytes)
Event: 2584.652 Thread 0x000001f97e52d9f0 nmethod 6670 0x000001f9012f9690 code [0x000001f9012f9820, 0x000001f9012f9958]
Event: 2584.652 Thread 0x000001f97e52d9f0 6671       1       org.apache.catalina.core.StandardWrapper::backgroundProcess (38 bytes)
Event: 2584.652 Thread 0x000001f97e52d9f0 nmethod 6671 0x000001f9012f9a90 code [0x000001f9012f9c40, 0x000001f9012f9e78]
Event: 2825.190 Thread 0x000001f97e52d9f0 6672       1       java.util.concurrent.ThreadPoolExecutor::getQueue (5 bytes)
Event: 2825.190 Thread 0x000001f97e52d9f0 nmethod 6672 0x000001f9012fa010 code [0x000001f9012fa1a0, 0x000001f9012fa258]
Event: 2885.206 Thread 0x000001f97e52d9f0 6673       1       java.util.concurrent.TimeUnit::convert (77 bytes)
Event: 2885.206 Thread 0x000001f97e52d9f0 nmethod 6673 0x000001f9012fa310 code [0x000001f9012fa500, 0x000001f9012fa728]

GC Heap History (20 events):
Event: 3.568 GC heap after
{Heap after GC invocations=13 (full 0):
 garbage-first heap   total 83968K, used 20176K [0x0000000702c00000, 0x0000000800000000)
  region size 2048K, 3 young (6144K), 3 survivors (6144K)
 Metaspace       used 39326K, capacity 39882K, committed 40184K, reserved 1085440K
  class space    used 4783K, capacity 4963K, committed 5112K, reserved 1048576K
}
Event: 3.667 GC heap before
{Heap before GC invocations=13 (full 0):
 garbage-first heap   total 83968K, used 61136K [0x0000000702c00000, 0x0000000800000000)
  region size 2048K, 24 young (49152K), 3 survivors (6144K)
 Metaspace       used 40583K, capacity 41130K, committed 41336K, reserved 1085440K
  class space    used 4919K, capacity 5123K, committed 5240K, reserved 1048576K
}
Event: 3.671 GC heap after
{Heap after GC invocations=14 (full 0):
 garbage-first heap   total 83968K, used 22845K [0x0000000702c00000, 0x0000000800000000)
  region size 2048K, 2 young (4096K), 2 survivors (4096K)
 Metaspace       used 40583K, capacity 41130K, committed 41336K, reserved 1085440K
  class space    used 4919K, capacity 5123K, committed 5240K, reserved 1048576K
}
Event: 3.755 GC heap before
{Heap before GC invocations=14 (full 0):
 garbage-first heap   total 83968K, used 59709K [0x0000000702c00000, 0x0000000800000000)
  region size 2048K, 21 young (43008K), 2 survivors (4096K)
 Metaspace       used 41286K, capacity 41866K, committed 42232K, reserved 1085440K
  class space    used 4991K, capacity 5219K, committed 5368K, reserved 1048576K
}
Event: 3.758 GC heap after
{Heap after GC invocations=15 (full 0):
 garbage-first heap   total 83968K, used 23152K [0x0000000702c00000, 0x0000000800000000)
  region size 2048K, 2 young (4096K), 2 survivors (4096K)
 Metaspace       used 41286K, capacity 41866K, committed 42232K, reserved 1085440K
  class space    used 4991K, capacity 5219K, committed 5368K, reserved 1048576K
}
Event: 4.032 GC heap before
{Heap before GC invocations=15 (full 0):
 garbage-first heap   total 83968K, used 62064K [0x0000000702c00000, 0x0000000800000000)
  region size 2048K, 22 young (45056K), 2 survivors (4096K)
 Metaspace       used 42522K, capacity 43147K, committed 43384K, reserved 1087488K
  class space    used 5139K, capacity 5371K, committed 5496K, reserved 1048576K
}
Event: 4.035 GC heap after
{Heap after GC invocations=16 (full 0):
 garbage-first heap   total 83968K, used 24327K [0x0000000702c00000, 0x0000000800000000)
  region size 2048K, 3 young (6144K), 3 survivors (6144K)
 Metaspace       used 42522K, capacity 43147K, committed 43384K, reserved 1087488K
  class space    used 5139K, capacity 5371K, committed 5496K, reserved 1048576K
}
Event: 4.391 GC heap before
{Heap before GC invocations=16 (full 0):
 garbage-first heap   total 83968K, used 63239K [0x0000000702c00000, 0x0000000800000000)
  region size 2048K, 22 young (45056K), 3 survivors (6144K)
 Metaspace       used 45788K, capacity 46514K, committed 46840K, reserved 1089536K
  class space    used 5518K, capacity 5765K, committed 5880K, reserved 1048576K
}
Event: 4.395 GC heap after
{Heap after GC invocations=17 (full 0):
 garbage-first heap   total 102400K, used 26780K [0x0000000702c00000, 0x0000000800000000)
  region size 2048K, 3 young (6144K), 3 survivors (6144K)
 Metaspace       used 45788K, capacity 46514K, committed 46840K, reserved 1089536K
  class space    used 5518K, capacity 5765K, committed 5880K, reserved 1048576K
}
Event: 5.100 GC heap before
{Heap before GC invocations=17 (full 0):
 garbage-first heap   total 102400K, used 80028K [0x0000000702c00000, 0x0000000800000000)
  region size 2048K, 29 young (59392K), 3 survivors (6144K)
 Metaspace       used 50620K, capacity 51268K, committed 51448K, reserved 1093632K
  class space    used 6310K, capacity 6536K, committed 6648K, reserved 1048576K
}
Event: 5.104 GC heap after
{Heap after GC invocations=18 (full 0):
 garbage-first heap   total 102400K, used 27801K [0x0000000702c00000, 0x0000000800000000)
  region size 2048K, 3 young (6144K), 3 survivors (6144K)
 Metaspace       used 50620K, capacity 51268K, committed 51448K, reserved 1093632K
  class space    used 6310K, capacity 6536K, committed 6648K, reserved 1048576K
}
Event: 5.456 GC heap before
{Heap before GC invocations=18 (full 0):
 garbage-first heap   total 102400K, used 79001K [0x0000000702c00000, 0x0000000800000000)
  region size 2048K, 29 young (59392K), 3 survivors (6144K)
 Metaspace       used 55077K, capacity 55751K, committed 55800K, reserved 1097728K
  class space    used 6893K, capacity 7113K, committed 7160K, reserved 1048576K
}
Event: 5.461 GC heap after
{Heap after GC invocations=19 (full 0):
 garbage-first heap   total 102400K, used 29426K [0x0000000702c00000, 0x0000000800000000)
  region size 2048K, 3 young (6144K), 3 survivors (6144K)
 Metaspace       used 55077K, capacity 55751K, committed 55800K, reserved 1097728K
  class space    used 6893K, capacity 7113K, committed 7160K, reserved 1048576K
}
Event: 6.308 GC heap before
{Heap before GC invocations=19 (full 0):
 garbage-first heap   total 102400K, used 82674K [0x0000000702c00000, 0x0000000800000000)
  region size 2048K, 29 young (59392K), 3 survivors (6144K)
 Metaspace       used 58175K, capacity 58803K, committed 59128K, reserved 1101824K
  class space    used 7313K, capacity 7532K, committed 7672K, reserved 1048576K
}
Event: 6.313 GC heap after
{Heap after GC invocations=20 (full 0):
 garbage-first heap   total 102400K, used 32093K [0x0000000702c00000, 0x0000000800000000)
  region size 2048K, 3 young (6144K), 3 survivors (6144K)
 Metaspace       used 58175K, capacity 58803K, committed 59128K, reserved 1101824K
  class space    used 7313K, capacity 7532K, committed 7672K, reserved 1048576K
}
Event: 6.377 GC heap before
{Heap before GC invocations=20 (full 0):
 garbage-first heap   total 102400K, used 40285K [0x0000000702c00000, 0x0000000800000000)
  region size 2048K, 8 young (16384K), 3 survivors (6144K)
 Metaspace       used 59070K, capacity 59711K, committed 59936K, reserved 1101824K
  class space    used 7435K, capacity 7664K, committed 7800K, reserved 1048576K
}
Event: 6.382 GC heap after
{Heap after GC invocations=21 (full 0):
 garbage-first heap   total 122880K, used 32352K [0x0000000702c00000, 0x0000000800000000)
  region size 2048K, 3 young (6144K), 3 survivors (6144K)
 Metaspace       used 59070K, capacity 59711K, committed 59936K, reserved 1101824K
  class space    used 7435K, capacity 7664K, committed 7800K, reserved 1048576K
}
Event: 981.037 GC heap before
{Heap before GC invocations=22 (full 0):
 garbage-first heap   total 122880K, used 97888K [0x0000000702c00000, 0x0000000800000000)
  region size 2048K, 35 young (71680K), 3 survivors (6144K)
 Metaspace       used 61327K, capacity 61948K, committed 62112K, reserved 1103872K
  class space    used 7699K, capacity 7906K, committed 7928K, reserved 1048576K
}
Event: 981.055 GC heap after
{Heap after GC invocations=23 (full 0):
 garbage-first heap   total 122880K, used 33868K [0x0000000702c00000, 0x0000000800000000)
  region size 2048K, 3 young (6144K), 3 survivors (6144K)
 Metaspace       used 61327K, capacity 61948K, committed 62112K, reserved 1103872K
  class space    used 7699K, capacity 7906K, committed 7928K, reserved 1048576K
}
Event: 2908.309 GC heap before
{Heap before GC invocations=24 (full 0):
 garbage-first heap   total 122880K, used 99404K [0x0000000702c00000, 0x0000000800000000)
  region size 2048K, 35 young (71680K), 3 survivors (6144K)
 Metaspace       used 61394K, capacity 62050K, committed 62240K, reserved 1103872K
  class space    used 7708K, capacity 7939K, committed 8056K, reserved 1048576K
}

Deoptimization events (20 events):
Event: 2907.256 Thread 0x000001f90f1551a0 DEOPT PACKING pc=0x000001f9012b41a4 sp=0x0000007d782fe600
Event: 2907.256 Thread 0x000001f90f1551a0 DEOPT UNPACKING pc=0x000001f90004e23f sp=0x0000007d782fdb98 mode 1
Event: 2907.757 Thread 0x000001f90f1551a0 DEOPT PACKING pc=0x000001f9012cab84 sp=0x0000007d782fdf90
Event: 2907.757 Thread 0x000001f90f1551a0 DEOPT UNPACKING pc=0x000001f90004e23f sp=0x0000007d782fd490 mode 1
Event: 2907.757 Thread 0x000001f90f1551a0 DEOPT PACKING pc=0x000001f9012c9464 sp=0x0000007d782fe040
Event: 2907.757 Thread 0x000001f90f1551a0 DEOPT UNPACKING pc=0x000001f90004e23f sp=0x0000007d782fd5f0 mode 1
Event: 2907.757 Thread 0x000001f90f1551a0 DEOPT PACKING pc=0x000001f9012c8a6c sp=0x0000007d782fe1b0
Event: 2907.757 Thread 0x000001f90f1551a0 DEOPT UNPACKING pc=0x000001f90004e23f sp=0x0000007d782fd6e0 mode 1
Event: 2907.757 Thread 0x000001f90f1551a0 DEOPT PACKING pc=0x000001f9012a6d2c sp=0x0000007d782fe290
Event: 2907.757 Thread 0x000001f90f1551a0 DEOPT UNPACKING pc=0x000001f90004e23f sp=0x0000007d782fd760 mode 1
Event: 2907.757 Thread 0x000001f90f1551a0 DEOPT PACKING pc=0x000001f9012a3ad4 sp=0x0000007d782fe310
Event: 2907.757 Thread 0x000001f90f1551a0 DEOPT UNPACKING pc=0x000001f90004e23f sp=0x0000007d782fd808 mode 1
Event: 2907.758 Thread 0x000001f90f1551a0 DEOPT PACKING pc=0x000001f9012b0474 sp=0x0000007d782fe440
Event: 2907.758 Thread 0x000001f90f1551a0 DEOPT UNPACKING pc=0x000001f90004e23f sp=0x0000007d782fd958 mode 1
Event: 2907.758 Thread 0x000001f90f1551a0 DEOPT PACKING pc=0x000001f9012b225c sp=0x0000007d782fe520
Event: 2907.758 Thread 0x000001f90f1551a0 DEOPT UNPACKING pc=0x000001f90004e23f sp=0x0000007d782fda00 mode 1
Event: 2907.758 Thread 0x000001f90f1551a0 DEOPT PACKING pc=0x000001f900a12784 sp=0x0000007d782fe5b0
Event: 2907.758 Thread 0x000001f90f1551a0 DEOPT UNPACKING pc=0x000001f90004e23f sp=0x0000007d782fda50 mode 1
Event: 2907.758 Thread 0x000001f90f1551a0 DEOPT PACKING pc=0x000001f9012b41a4 sp=0x0000007d782fe600
Event: 2907.758 Thread 0x000001f90f1551a0 DEOPT UNPACKING pc=0x000001f90004e23f sp=0x0000007d782fdb98 mode 1

Classes unloaded (0 events):
No events

Classes redefined (17 events):
Event: 647.778 Thread 0x000001f97e4ccde0 redefined class name=net.mofed.reportracking.app.service.FileStorageService, count=1
Event: 908.495 Thread 0x000001f97e4ccde0 redefined class name=net.mofed.reportracking.app.service.FileStorageService, count=2
Event: 1387.845 Thread 0x000001f97e4ccde0 redefined class name=net.mofed.reportracking.app.service.FileStorageService, count=3
Event: 1406.977 Thread 0x000001f97e4ccde0 redefined class name=net.mofed.reportracking.app.service.FileStorageService, count=4
Event: 1409.135 Thread 0x000001f97e4ccde0 redefined class name=net.mofed.reportracking.app.controller.MasterTransactionController, count=1
Event: 1524.630 Thread 0x000001f97e4ccde0 redefined class name=net.mofed.reportracking.app.service.FileStorageService, count=5
Event: 1678.522 Thread 0x000001f97e4ccde0 redefined class name=net.mofed.reportracking.app.service.FileStorageService, count=6
Event: 1725.349 Thread 0x000001f97e4ccde0 redefined class name=net.mofed.reportracking.app.service.FileStorageService, count=7
Event: 1732.138 Thread 0x000001f97e4ccde0 redefined class name=net.mofed.reportracking.app.service.FileStorageService, count=8
Event: 1923.393 Thread 0x000001f97e4ccde0 redefined class name=net.mofed.reportracking.app.service.FileStorageService, count=9
Event: 2063.271 Thread 0x000001f97e4ccde0 redefined class name=net.mofed.reportracking.app.service.FileStorageService, count=10
Event: 2127.308 Thread 0x000001f97e4ccde0 redefined class name=net.mofed.reportracking.app.service.FileStorageService, count=11
Event: 2172.613 Thread 0x000001f97e4ccde0 redefined class name=net.mofed.reportracking.app.service.FileStorageService, count=12
Event: 2198.715 Thread 0x000001f97e4ccde0 redefined class name=net.mofed.reportracking.app.service.FileStorageService, count=13
Event: 2210.710 Thread 0x000001f97e4ccde0 redefined class name=net.mofed.reportracking.app.service.FileStorageService, count=14
Event: 2552.268 Thread 0x000001f97e4ccde0 redefined class name=net.mofed.reportracking.app.service.FileStorageService, count=15
Event: 2598.615 Thread 0x000001f97e4ccde0 redefined class name=net.mofed.reportracking.app.service.FileStorageService, count=16

Internal exceptions (20 events):
Event: 6.601 Thread 0x000001f90f1f9380 Exception <a 'java/lang/ClassNotFoundException'{0x00000007089a2318}: net/mofed/reportracking/app/controller/DocumentReportControllerCustomizer> (0x00000007089a2318) 
thrown [./open/src/hotspot/share/classfile/systemDictionary.cpp, line 295]
Event: 6.603 Thread 0x000001f90f1f9380 Exception <a 'java/lang/ClassNotFoundException'{0x00000007089bc8b8}: java/lang/ObjectCustomizer> (0x00000007089bc8b8) 
thrown [./open/src/hotspot/share/classfile/systemDictionary.cpp, line 295]
Event: 6.603 Thread 0x000001f90f1f9380 Exception <a 'java/lang/ClassNotFoundException'{0x00000007089c5660}: net/mofed/reportracking/app/controller/ErrorControllerCustomizer> (0x00000007089c5660) 
thrown [./open/src/hotspot/share/classfile/systemDictionary.cpp, line 295]
Event: 6.604 Thread 0x000001f90f1f9380 Exception <a 'java/lang/ClassNotFoundException'{0x00000007089cfed8}: java/lang/ObjectCustomizer> (0x00000007089cfed8) 
thrown [./open/src/hotspot/share/classfile/systemDictionary.cpp, line 295]
Event: 6.605 Thread 0x000001f90f1f9380 Exception <a 'java/lang/ClassNotFoundException'{0x00000007089d8c80}: net/mofed/reportracking/app/controller/HellocontrollerCustomizer> (0x00000007089d8c80) 
thrown [./open/src/hotspot/share/classfile/systemDictionary.cpp, line 295]
Event: 6.605 Thread 0x000001f90f1f9380 Exception <a 'java/lang/ClassNotFoundException'{0x00000007089e3948}: java/lang/ObjectCustomizer> (0x00000007089e3948) 
thrown [./open/src/hotspot/share/classfile/systemDictionary.cpp, line 295]
Event: 6.606 Thread 0x000001f90f1f9380 Exception <a 'java/lang/ClassNotFoundException'{0x00000007089ec800}: net/mofed/reportracking/app/controller/InspectionDirectorateCustomizer> (0x00000007089ec800) 
thrown [./open/src/hotspot/share/classfile/systemDictionary.cpp, line 295]
Event: 6.607 Thread 0x000001f90f1f9380 Exception <a 'java/lang/ClassNotFoundException'{0x00000007089f7fc0}: java/lang/ObjectCustomizer> (0x00000007089f7fc0) 
thrown [./open/src/hotspot/share/classfile/systemDictionary.cpp, line 295]
Event: 6.607 Thread 0x000001f90f1f9380 Exception <a 'java/lang/ClassNotFoundException'{0x00000007086012a0}: net/mofed/reportracking/app/controller/LoginControllerCustomizer> (0x00000007086012a0) 
thrown [./open/src/hotspot/share/classfile/systemDictionary.cpp, line 295]
Event: 6.608 Thread 0x000001f90f1f9380 Exception <a 'java/lang/ClassNotFoundException'{0x00000007086111a8}: java/lang/ObjectCustomizer> (0x00000007086111a8) 
thrown [./open/src/hotspot/share/classfile/systemDictionary.cpp, line 295]
Event: 6.609 Thread 0x000001f90f1f9380 Exception <a 'java/lang/ClassNotFoundException'{0x0000000708619fc0}: net/mofed/reportracking/app/service/OrganizationServiceCustomizer> (0x0000000708619fc0) 
thrown [./open/src/hotspot/share/classfile/systemDictionary.cpp, line 295]
Event: 6.618 Thread 0x000001f90f1f9380 Exception <a 'java/lang/ClassNotFoundException'{0x0000000708737b60}: java/lang/ObjectCustomizer> (0x0000000708737b60) 
thrown [./open/src/hotspot/share/classfile/systemDictionary.cpp, line 295]
Event: 6.619 Thread 0x000001f90f1f9380 Exception <a 'java/lang/ClassNotFoundException'{0x0000000708740978}: net/mofed/reportracking/app/controller/LogoutControllerCustomizer> (0x0000000708740978) 
thrown [./open/src/hotspot/share/classfile/systemDictionary.cpp, line 295]
Event: 6.631 Thread 0x000001f90f1f9380 Exception <a 'java/lang/ClassNotFoundException'{0x00000007087a6c60}: java/lang/ObjectCustomizer> (0x00000007087a6c60) 
thrown [./open/src/hotspot/share/classfile/systemDictionary.cpp, line 295]
Event: 6.631 Thread 0x000001f90f1f9380 Exception <a 'java/lang/ClassNotFoundException'{0x00000007087afca8}: net/mofed/reportracking/app/controller/MasterTransactionControllerCustomizer> (0x00000007087afca8) 
thrown [./open/src/hotspot/share/classfile/systemDictionary.cpp, line 295]
Event: 6.779 Thread 0x000001f90f1551a0 Exception <a 'java/lang/reflect/InvocationTargetException'{0x0000000707e01d78}> (0x0000000707e01d78) 
thrown [./open/src/hotspot/share/runtime/reflection.cpp, line 1157]
Event: 7.282 Thread 0x000001f90f1551a0 Exception <a 'java/lang/reflect/InvocationTargetException'{0x0000000707e07ca0}> (0x0000000707e07ca0) 
thrown [./open/src/hotspot/share/runtime/reflection.cpp, line 1157]
Event: 7.785 Thread 0x000001f90f1551a0 Exception <a 'java/lang/reflect/InvocationTargetException'{0x0000000707e0c1d8}> (0x0000000707e0c1d8) 
thrown [./open/src/hotspot/share/runtime/reflection.cpp, line 1157]
Event: 8.338 Thread 0x000001f90f1551a0 Exception <a 'java/lang/reflect/InvocationTargetException'{0x0000000707e10978}> (0x0000000707e10978) 
thrown [./open/src/hotspot/share/runtime/reflection.cpp, line 1157]
Event: 8.843 Thread 0x000001f90f1551a0 Exception <a 'java/lang/reflect/InvocationTargetException'{0x0000000707e1afa0}> (0x0000000707e1afa0) 
thrown [./open/src/hotspot/share/runtime/reflection.cpp, line 1157]

Events (20 events):
Event: 2599.148 Executing VM operation: GetFrameLocation done
Event: 2599.148 Executing VM operation: get/set locals
Event: 2599.148 Executing VM operation: get/set locals done
Event: 2599.148 Executing VM operation: GetFrameLocation
Event: 2599.149 Executing VM operation: GetFrameLocation done
Event: 2599.149 Executing VM operation: get/set locals
Event: 2599.149 Executing VM operation: get/set locals done
Event: 2599.149 Executing VM operation: GetFrameLocation
Event: 2599.149 Executing VM operation: GetFrameLocation done
Event: 2599.149 Executing VM operation: get/set locals
Event: 2599.149 Executing VM operation: get/set locals done
Event: 2599.150 Executing VM operation: GetFrameLocation
Event: 2599.150 Executing VM operation: GetFrameLocation done
Event: 2599.150 Executing VM operation: get/set locals
Event: 2599.150 Executing VM operation: get/set locals done
Event: 2599.150 Executing VM operation: GetFrameLocation
Event: 2599.150 Executing VM operation: GetFrameLocation done
Event: 2599.151 Executing VM operation: get/set locals
Event: 2599.151 Executing VM operation: get/set locals done
Event: 2908.309 Executing VM operation: G1CollectForAllocation


Dynamic libraries:
0x00007ff66c510000 - 0x00007ff66c51d000 	C:\Users\Wessi\Documents\Advanced JAVA Training\eclipse-jee-2021-03-R-win32-x86_64\eclipse\plugins\org.eclipse.justj.openjdk.hotspot.jre.full.win32.x86_64_15.0.2.v20210201-0955\jre\bin\javaw.exe
0x00007ff8843f0000 - 0x00007ff8845e5000 	C:\WINDOWS\SYSTEM32\ntdll.dll
0x00007ff882b00000 - 0x00007ff882bbe000 	C:\WINDOWS\System32\KERNEL32.DLL
0x00007ff881b10000 - 0x00007ff881dd8000 	C:\WINDOWS\System32\KERNELBASE.dll
0x00007ff881de0000 - 0x00007ff881ee0000 	C:\WINDOWS\System32\ucrtbase.dll
0x00007ff8775a0000 - 0x00007ff8775b8000 	C:\Users\Wessi\Documents\Advanced JAVA Training\eclipse-jee-2021-03-R-win32-x86_64\eclipse\plugins\org.eclipse.justj.openjdk.hotspot.jre.full.win32.x86_64_15.0.2.v20210201-0955\jre\bin\jli.dll
0x00007ff882960000 - 0x00007ff882b00000 	C:\WINDOWS\System32\USER32.dll
0x00007ff866ab0000 - 0x00007ff866d4a000 	C:\WINDOWS\WinSxS\amd64_microsoft.windows.common-controls_6595b64144ccf1df_6.0.19041.1110_none_60b5254171f9507e\COMCTL32.dll
0x00007ff8820b0000 - 0x00007ff8820d2000 	C:\WINDOWS\System32\win32u.dll
0x00007ff8831a0000 - 0x00007ff88323e000 	C:\WINDOWS\System32\msvcrt.dll
0x00007ff884130000 - 0x00007ff88415b000 	C:\WINDOWS\System32\GDI32.dll
0x00007ff881f10000 - 0x00007ff88201b000 	C:\WINDOWS\System32\gdi32full.dll
0x00007ff882190000 - 0x00007ff88222d000 	C:\WINDOWS\System32\msvcp_win.dll
0x00007ff877600000 - 0x00007ff877619000 	C:\Users\Wessi\Documents\Advanced JAVA Training\eclipse-jee-2021-03-R-win32-x86_64\eclipse\plugins\org.eclipse.justj.openjdk.hotspot.jre.full.win32.x86_64_15.0.2.v20210201-0955\jre\bin\VCRUNTIME140.dll
0x00007ff8828d0000 - 0x00007ff882900000 	C:\WINDOWS\System32\IMM32.DLL
0x00007ff877810000 - 0x00007ff87781c000 	C:\Users\Wessi\Documents\Advanced JAVA Training\eclipse-jee-2021-03-R-win32-x86_64\eclipse\plugins\org.eclipse.justj.openjdk.hotspot.jre.full.win32.x86_64_15.0.2.v20210201-0955\jre\bin\vcruntime140_1.dll
0x00007ff856b70000 - 0x00007ff856c01000 	C:\Users\Wessi\Documents\Advanced JAVA Training\eclipse-jee-2021-03-R-win32-x86_64\eclipse\plugins\org.eclipse.justj.openjdk.hotspot.jre.full.win32.x86_64_15.0.2.v20210201-0955\jre\bin\msvcp140.dll
0x00007ff82d430000 - 0x00007ff82df8e000 	C:\Users\Wessi\Documents\Advanced JAVA Training\eclipse-jee-2021-03-R-win32-x86_64\eclipse\plugins\org.eclipse.justj.openjdk.hotspot.jre.full.win32.x86_64_15.0.2.v20210201-0955\jre\bin\server\jvm.dll
0x00007ff882c20000 - 0x00007ff882cce000 	C:\WINDOWS\System32\ADVAPI32.dll
0x00007ff884010000 - 0x00007ff8840ac000 	C:\WINDOWS\System32\sechost.dll
0x00007ff882e30000 - 0x00007ff882f55000 	C:\WINDOWS\System32\RPCRT4.dll
0x00007ff8843a0000 - 0x00007ff8843a8000 	C:\WINDOWS\System32\PSAPI.DLL
0x00007ff865e20000 - 0x00007ff865e47000 	C:\WINDOWS\SYSTEM32\WINMM.dll
0x00007ff87ca00000 - 0x00007ff87ca0a000 	C:\WINDOWS\SYSTEM32\VERSION.dll
0x00007ff868a40000 - 0x00007ff868a49000 	C:\WINDOWS\SYSTEM32\WSOCK32.dll
0x00007ff882f60000 - 0x00007ff882fcb000 	C:\WINDOWS\System32\WS2_32.dll
0x00007ff880390000 - 0x00007ff8803a2000 	C:\WINDOWS\SYSTEM32\kernel.appcore.dll
0x00007ff877740000 - 0x00007ff87774a000 	C:\Users\Wessi\Documents\Advanced JAVA Training\eclipse-jee-2021-03-R-win32-x86_64\eclipse\plugins\org.eclipse.justj.openjdk.hotspot.jre.full.win32.x86_64_15.0.2.v20210201-0955\jre\bin\jimage.dll
0x00007ff87eb00000 - 0x00007ff87ece4000 	C:\WINDOWS\SYSTEM32\DBGHELP.DLL
0x00007ff8780c0000 - 0x00007ff8780ec000 	C:\WINDOWS\SYSTEM32\dbgcore.DLL
0x00007ff882020000 - 0x00007ff8820a2000 	C:\WINDOWS\System32\bcryptPrimitives.dll
0x00007ff845e70000 - 0x00007ff845ea9000 	C:\Users\Wessi\Documents\Advanced JAVA Training\eclipse-jee-2021-03-R-win32-x86_64\eclipse\plugins\org.eclipse.justj.openjdk.hotspot.jre.full.win32.x86_64_15.0.2.v20210201-0955\jre\bin\jdwp.dll
0x00007ff877660000 - 0x00007ff87766e000 	C:\Users\Wessi\Documents\Advanced JAVA Training\eclipse-jee-2021-03-R-win32-x86_64\eclipse\plugins\org.eclipse.justj.openjdk.hotspot.jre.full.win32.x86_64_15.0.2.v20210201-0955\jre\bin\instrument.dll
0x00007ff857ea0000 - 0x00007ff857ec5000 	C:\Users\Wessi\Documents\Advanced JAVA Training\eclipse-jee-2021-03-R-win32-x86_64\eclipse\plugins\org.eclipse.justj.openjdk.hotspot.jre.full.win32.x86_64_15.0.2.v20210201-0955\jre\bin\java.dll
0x00007ff85d980000 - 0x00007ff85d998000 	C:\Users\Wessi\Documents\Advanced JAVA Training\eclipse-jee-2021-03-R-win32-x86_64\eclipse\plugins\org.eclipse.justj.openjdk.hotspot.jre.full.win32.x86_64_15.0.2.v20210201-0955\jre\bin\zip.dll
0x00007ff883720000 - 0x00007ff883e64000 	C:\WINDOWS\System32\SHELL32.dll
0x00007ff87fbe0000 - 0x00007ff880374000 	C:\WINDOWS\SYSTEM32\windows.storage.dll
0x00007ff882450000 - 0x00007ff8827a4000 	C:\WINDOWS\System32\combase.dll
0x00007ff881570000 - 0x00007ff88159c000 	C:\WINDOWS\SYSTEM32\Wldp.dll
0x00007ff884160000 - 0x00007ff88420d000 	C:\WINDOWS\System32\SHCORE.dll
0x00007ff8836c0000 - 0x00007ff883715000 	C:\WINDOWS\System32\shlwapi.dll
0x00007ff881a50000 - 0x00007ff881a6f000 	C:\WINDOWS\SYSTEM32\profapi.dll
0x00007ff877650000 - 0x00007ff87765b000 	C:\Users\Wessi\Documents\Advanced JAVA Training\eclipse-jee-2021-03-R-win32-x86_64\eclipse\plugins\org.eclipse.justj.openjdk.hotspot.jre.full.win32.x86_64_15.0.2.v20210201-0955\jre\bin\dt_socket.dll
0x00007ff880f70000 - 0x00007ff880fab000 	C:\WINDOWS\SYSTEM32\IPHLPAPI.DLL
0x00007ff8812d0000 - 0x00007ff88133a000 	C:\WINDOWS\system32\mswsock.dll
0x00007ff880fc0000 - 0x00007ff88108a000 	C:\WINDOWS\SYSTEM32\DNSAPI.dll
0x00007ff883ed0000 - 0x00007ff883ed8000 	C:\WINDOWS\System32\NSI.dll
0x00007ff87c4d0000 - 0x00007ff87c4da000 	C:\Windows\System32\rasadhlp.dll
0x00007ff876620000 - 0x00007ff87669f000 	C:\WINDOWS\System32\fwpuclnt.dll
0x00007ff881ee0000 - 0x00007ff881f07000 	C:\WINDOWS\System32\bcrypt.dll
0x00007ff85d830000 - 0x00007ff85d849000 	C:\Users\Wessi\Documents\Advanced JAVA Training\eclipse-jee-2021-03-R-win32-x86_64\eclipse\plugins\org.eclipse.justj.openjdk.hotspot.jre.full.win32.x86_64_15.0.2.v20210201-0955\jre\bin\net.dll
0x00007ff87ed40000 - 0x00007ff87ee49000 	C:\WINDOWS\SYSTEM32\WINHTTP.dll
0x00007ff857e80000 - 0x00007ff857e92000 	C:\Users\Wessi\Documents\Advanced JAVA Training\eclipse-jee-2021-03-R-win32-x86_64\eclipse\plugins\org.eclipse.justj.openjdk.hotspot.jre.full.win32.x86_64_15.0.2.v20210201-0955\jre\bin\nio.dll
0x00007ff877590000 - 0x00007ff877599000 	C:\Users\Wessi\Documents\Advanced JAVA Training\eclipse-jee-2021-03-R-win32-x86_64\eclipse\plugins\org.eclipse.justj.openjdk.hotspot.jre.full.win32.x86_64_15.0.2.v20210201-0955\jre\bin\management.dll
0x00007ff877580000 - 0x00007ff87758b000 	C:\Users\Wessi\Documents\Advanced JAVA Training\eclipse-jee-2021-03-R-win32-x86_64\eclipse\plugins\org.eclipse.justj.openjdk.hotspot.jre.full.win32.x86_64_15.0.2.v20210201-0955\jre\bin\management_ext.dll
0x00007ff864520000 - 0x00007ff864537000 	C:\WINDOWS\system32\napinsp.dll
0x00007ff856810000 - 0x00007ff85682b000 	C:\WINDOWS\system32\pnrpnsp.dll
0x00007ff87da40000 - 0x00007ff87da55000 	C:\WINDOWS\system32\wshbth.dll
0x00007ff879490000 - 0x00007ff8794ad000 	C:\WINDOWS\system32\NLAapi.dll
0x00007ff84c430000 - 0x00007ff84c442000 	C:\WINDOWS\System32\winrnr.dll
0x00007ff8814c0000 - 0x00007ff8814d8000 	C:\WINDOWS\SYSTEM32\CRYPTSP.dll
0x00007ff880be0000 - 0x00007ff880c14000 	C:\WINDOWS\system32\rsaenh.dll
0x00007ff881a10000 - 0x00007ff881a3e000 	C:\WINDOWS\SYSTEM32\USERENV.dll
0x00007ff8814e0000 - 0x00007ff8814ec000 	C:\WINDOWS\SYSTEM32\CRYPTBASE.dll
0x00007ff878950000 - 0x00007ff878967000 	C:\WINDOWS\SYSTEM32\dhcpcsvc6.DLL
0x00007ff878930000 - 0x00007ff87894d000 	C:\WINDOWS\SYSTEM32\dhcpcsvc.DLL
0x00007ff877820000 - 0x00007ff877830000 	C:\Users\Wessi\Documents\Advanced JAVA Training\eclipse-jee-2021-03-R-win32-x86_64\eclipse\plugins\org.eclipse.justj.openjdk.hotspot.jre.full.win32.x86_64_15.0.2.v20210201-0955\jre\bin\verify.dll

dbghelp: loaded successfully - version: 4.0.5 - missing functions: none
symbol engine: initialized successfully - sym options: 0x614 - pdb path: .;C:\Users\Wessi\Documents\Advanced JAVA Training\eclipse-jee-2021-03-R-win32-x86_64\eclipse\plugins\org.eclipse.justj.openjdk.hotspot.jre.full.win32.x86_64_15.0.2.v20210201-0955\jre\bin;C:\WINDOWS\SYSTEM32;C:\WINDOWS\WinSxS\amd64_microsoft.windows.common-controls_6595b64144ccf1df_6.0.19041.1110_none_60b5254171f9507e;C:\Users\Wessi\Documents\Advanced JAVA Training\eclipse-jee-2021-03-R-win32-x86_64\eclipse\plugins\org.eclipse.justj.openjdk.hotspot.jre.full.win32.x86_64_15.0.2.v20210201-0955\jre\bin\server

VM Arguments:
jvm_args: -XX:+ShowCodeDetailsInExceptionMessages -agentlib:jdwp=transport=dt_socket,suspend=y,address=localhost:60563 -Dcom.sun.management.jmxremote -Dcom.sun.management.jmxremote.port=60562 -Dcom.sun.management.jmxremote.authenticate=false -Dcom.sun.management.jmxremote.ssl=false -Djava.rmi.server.hostname=localhost -Dspring.jmx.enabled=true -Dspring.application.admin.enabled=true -XX:TieredStopAtLevel=1 -Dspring.boot.project.name=mofed-reportracking-spring-boot-master -javaagent:C:\Users\Wessi\Documents\Advanced JAVA Training\eclipse-jee-2021-03-R-win32-x86_64\eclipse\configuration\org.eclipse.osgi\412\0\.cp\lib\javaagent-shaded.jar -Dfile.encoding=UTF-8 
java_command: net.mofed.reportracking.app.TodoManagementSpringBoot2Application
java_class_path (initial): C:\Users\Wessi\Documents\Advanced JAVA Training\EclipseWorkspace\mofed-reportracking-spring-boot-master\target\classes;C:\Users\Wessi\.m2\repository\javax\servlet\jstl\1.2\jstl-1.2.jar;C:\Users\Wessi\.m2\repository\org\springframework\boot\spring-boot-configuration-processor\2.0.4.RELEASE\spring-boot-configuration-processor-2.0.4.RELEASE.jar;C:\Users\Wessi\.m2\repository\org\webjars\bootstrap\3.3.6\bootstrap-3.3.6.jar;C:\Users\Wessi\.m2\repository\org\springframework\security\spring-security-taglibs\5.0.7.RELEASE\spring-security-taglibs-5.0.7.RELEASE.jar;C:\Users\Wessi\.m2\repository\org\springframework\security\spring-security-acl\5.0.7.RELEASE\spring-security-acl-5.0.7.RELEASE.jar;C:\Users\Wessi\.m2\repository\org\springframework\spring-jdbc\5.0.8.RELEASE\spring-jdbc-5.0.8.RELEASE.jar;C:\Users\Wessi\.m2\repository\org\springframework\spring-tx\5.0.8.RELEASE\spring-tx-5.0.8.RELEASE.jar;C:\Users\Wessi\.m2\repository\org\springframework\security\spring-security-core\5.0.7.RELEASE\spring-security-core-5.0.7.RELEASE.jar;C:\Users\Wessi\.m2\repository\org\springframework\security\spring-security-web\5.0.7.RELEASE\spring-security-web-5.0.7.RELEASE.jar;C:\Users\Wessi\.m2\repository\org\springframework\spring-aop\5.0.8.RELEASE\spring-aop-5.0.8.RELEASE.jar;C:\Users\Wessi\.m2\repository\org\springframework\spring-beans\5.0.8.RELEASE\spring-beans-5.0.8.RELEASE.jar;C:\Users\Wessi\.m2\repository\org\springframework\spring-context\5.0.8.RELEASE\spring-context-5.0.8.RELEASE.jar;C:\Users\Wessi\.m2\repository\org\springframework\spring-core\5.0.8.RELEASE\spring-core-5.0.8.RELEASE.jar;C:\Users\Wessi\.m2\repository\org\springframework\spring-jcl\5.0.8.RELEASE\spring-jcl-5.0.8.RELEASE.jar;C:\Users\Wessi\.m2\repository\org\springframework\spring-expression\5.0.8.RELEASE\spring-expression-5.0.8.RELEASE.jar;C:\Users\Wessi\.m2\repository\org\springframework\spring-web\5.0.8.RELEASE\spring-web-5.0.8.RELEASE.jar;C:\Users\Wessi\.m2\repository\org\projectlombok\lom
Launcher Type: SUN_STANDARD

[Global flags]
     intx CICompilerCount                          = 4                                         {product} {ergonomic}
     uint ConcGCThreads                            = 2                                         {product} {ergonomic}
     uint G1ConcRefinementThreads                  = 8                                         {product} {ergonomic}
   size_t G1HeapRegionSize                         = 2097152                                   {product} {ergonomic}
    uintx GCDrainStackTargetSize                   = 64                                        {product} {ergonomic}
   size_t InitialHeapSize                          = 266338304                                 {product} {ergonomic}
     bool ManagementServer                         = true                                      {product} {command line}
   size_t MarkStackSize                            = 4194304                                   {product} {ergonomic}
   size_t MaxHeapSize                              = 4248829952                                {product} {ergonomic}
   size_t MaxNewSize                               = 2548039680                                {product} {ergonomic}
   size_t MinHeapDeltaBytes                        = 2097152                                   {product} {ergonomic}
   size_t MinHeapSize                              = 8388608                                   {product} {ergonomic}
    uintx NonNMethodCodeHeapSize                   = 7549744                                {pd product} {ergonomic}
    uintx NonProfiledCodeHeapSize                  = 244108496                              {pd product} {ergonomic}
    uintx ProfiledCodeHeapSize                     = 0                                      {pd product} {ergonomic}
    uintx ReservedCodeCacheSize                    = 251658240                              {pd product} {ergonomic}
     bool SegmentedCodeCache                       = true                                      {product} {ergonomic}
     bool ShowCodeDetailsInExceptionMessages       = true                                   {manageable} {command line}
   size_t SoftMaxHeapSize                          = 4248829952                             {manageable} {ergonomic}
     intx TieredStopAtLevel                        = 1                                         {product} {command line}
     bool UseCompressedClassPointers               = true                                 {lp64_product} {ergonomic}
     bool UseCompressedOops                        = true                                 {lp64_product} {ergonomic}
     bool UseG1GC                                  = true                                      {product} {ergonomic}
     bool UseLargePagesIndividualAllocation        = false                                  {pd product} {ergonomic}

Logging:
Log output configuration:
 #0: stdout all=warning uptime,level,tags
 #1: stderr all=off uptime,level,tags

Environment Variables:
JAVA_HOME=C:\Program Files\Java\jdk1.8.0_161
PATH=C:\Users\Wessi\Documents\Advanced JAVA Training\eclipse-jee-2021-03-R-win32-x86_64\eclipse\plugins\org.eclipse.justj.openjdk.hotspot.jre.full.win32.x86_64_15.0.2.v20210201-0955\jre\bin;C:/Users/Wessi/Documents/Advanced JAVA Training/eclipse-jee-2021-03-R-win32-x86_64/eclipse//plugins/org.eclipse.justj.openjdk.hotspot.jre.full.win32.x86_64_15.0.2.v20210201-0955/jre/bin/server;C:/Users/Wessi/Documents/Advanced JAVA Training/eclipse-jee-2021-03-R-win32-x86_64/eclipse//plugins/org.eclipse.justj.openjdk.hotspot.jre.full.win32.x86_64_15.0.2.v20210201-0955/jre/bin;C:\Program Files (x86)\Pervasive Software\PSQL\bin\;C:\Program Files\Common Files\Oracle\Java\javapath;C:\Program Files (x86)\Common Files\Oracle\Java\javapath;C:\ProgramData\Oracle\Java\javapath;C:\WINDOWS\system32;C:\WINDOWS;C:\WINDOWS\System32\Wbem;C:\WINDOWS\System32\WindowsPowerShell\v1.0\;C:\Program Files\PuTTY\;C:\PostgreSQL\pg10\bin;C:\PostgreSQL\pg95\bin;C:\PostgreSQL\pg94\bin;C:\WINDOWS\System32\OpenSSH\;C:\Program Files\Java\jdk1.8.0_161\bin;C:\Program Files\apache-maven-3.5.2\bin;C:\Program Files\Git\bin;C:\Program Files\Git\cmd;C:\Program Files\Intel\WiFi\bin\;C:\Program Files\Common Files\Intel\WirelessCommon\;c:\Program Files (x86)\Intel\Intel(R) Management Engine Components\DAL;c:\Program Files\Intel\Intel(R) Management Engine Components\DAL;C:\Users\Wessi\AppData\Local\Android\Sdk\emulator;C:\Program Files\Perforce\;C:\Program Files\Sublime Text 3;C:\Users\Wessi\AppData\Local\Microsoft\WindowsApps;C:\Program Files\Java\jdk1.8.0_161\bin;C:\Program Files\apache-maven-3.5.2\bin;C:\Program Files\Git\bin;C:\Program Files\Git\cmd;C:\Program Files (x86)\GitHub CLI\;C:\Users\Wessi\AppData\Local\Android\Sdk\emulator;C:\Users\Wessi\AppData\Local\GitHubDesktop\bin;C:\Users\Wessi\Documents\Advanced JAVA Training\eclipse-jee-2021-03-R-win32-x86_64\eclipse;
USERNAME=Wessi
OS=Windows_NT
PROCESSOR_IDENTIFIER=Intel64 Family 6 Model 158 Stepping 9, GenuineIntel



---------------  S Y S T E M  ---------------

OS:
 Windows 10 , 64 bit Build 19041 (10.0.19041.1566)
OS uptime: 3 days 10:54 hours

CPU: total 8 (initial active 8) (4 cores per cpu, 2 threads per core) family 6 model 158 stepping 9 microcode 0xea, cmov, cx8, fxsr, mmx, sse, sse2, sse3, ssse3, sse4.1, sse4.2, popcnt, vzeroupper, avx, avx2, aes, clmul, erms, 3dnowpref, lzcnt, ht, tsc, tscinvbit, bmi1, bmi2, adx, fma, clflush, clflushopt

Memory: 4k page, system-wide physical 16207M (6827M free)
TotalPageFile size 18639M (AvailPageFile size 5939M)
current process WorkingSet (physical memory assigned to process): 261M, peak: 268M
current process commit charge ("private bytes"): 299M, peak: 368M

vm_info: OpenJDK 64-Bit Server VM (15.0.2+7-27) for windows-amd64 JRE (15.0.2+7-27), built on Dec  7 2020 20:02:38 by "mach5one" with unknown MS VC++:1925

END.
